app/build/intermediates/manifest_merge_blame_file/debug/manifest-merger-blame-debug-report.txt
1<?xml version="1.0" encoding="utf-8"?>
2<manifest xmlns:android="http://schemas.android.com/apk/res/android"
3    package="ie.app.activities"
4    android:versionCode="1"
5    android:versionName="1.0" >
6
7    <uses-sdk
8        android:minSdkVersion="19"
8-->src\main\AndroidManifest.xml
9        android:targetSdkVersion="23" />
9-->src\main\AndroidManifest.xml
10
11    <application
11-->src\main\AndroidManifest.xml:5:5-26:19
12        android:name="ie.app.main.DonationApp"
12-->src\main\AndroidManifest.xml:11:9-47
13        android:allowBackup="true"
13-->src\main\AndroidManifest.xml:6:9-35
14        android:debuggable="true"
15        android:icon="@mipmap/ic_launcher"
15-->src\main\AndroidManifest.xml:7:9-43
16        android:label="@string/app_name"
16-->src\main\AndroidManifest.xml:8:9-41
17        android:supportsRtl="true"
17-->src\main\AndroidManifest.xml:9:9-35
18        android:testOnly="true"
19        android:theme="@style/AppTheme" >
19-->src\main\AndroidManifest.xml:10:9-40
20        <activity
20-->src\main\AndroidManifest.xml:12:9-14:39
21            android:name="ie.app.activities.Base"
21-->src\main\AndroidManifest.xml:13:13-44
22            android:exported="true" />
22-->src\main\AndroidManifest.xml:14:13-36
23        <activity
23-->src\main\AndroidManifest.xml:15:9-24:20
24            android:name="ie.app.activities.Donate"
24-->src\main\AndroidManifest.xml:16:13-46
25            android:label="@string/app_name"
25-->src\main\AndroidManifest.xml:17:13-45
26            android:theme="@style/AppTheme.NoActionBar" >
26-->src\main\AndroidManifest.xml:18:13-56
27            <intent-filter>
27-->src\main\AndroidManifest.xml:19:13-23:29
28                <action android:name="android.intent.action.MAIN" />
28-->src\main\AndroidManifest.xml:20:17-69
28-->src\main\AndroidManifest.xml:20:25-66
29
30                <category android:name="android.intent.category.LAUNCHER" />
30-->src\main\AndroidManifest.xml:22:17-77
30-->src\main\AndroidManifest.xml:22:27-74
31            </intent-filter>
32        </activity>
33        <activity android:name="ie.app.activities.Report" />
33-->src\main\AndroidManifest.xml:25:9-64
33-->src\main\AndroidManifest.xml:25:19-52
34    </application>
35
36</manifest>